<?xml version="1.0" encoding="UTF-8"?>
<testng-results ignored="0" total="1" passed="1" failed="0" skipped="0">
  <reporter-output>
  </reporter-output>
  <suite started-at="2023-08-28T10:59:17 IST" name="Default suite" finished-at="2023-08-28T11:00:34 IST" duration-ms="77272">
    <groups>
    </groups>
    <test started-at="2023-08-28T10:59:17 IST" name="Default test" finished-at="2023-08-28T11:00:34 IST" duration-ms="77272">
      <class name="Test.BaseTest">
        <test-method signature="ValidateBaseTest()[pri:0, instance:Test.BaseTest@cad498c]" started-at="2023-08-28T10:59:17 IST" name="ValidateBaseTest" finished-at="2023-08-28T11:00:34 IST" duration-ms="77201" status="PASS">
          <reporter-output>
          </reporter-output>
        </test-method> <!-- ValidateBaseTest -->
      </class> <!-- Test.BaseTest -->
    </test> <!-- Default test -->
  </suite> <!-- Default suite -->
</testng-results>
